<?xml version="1.0" encoding="UTF-8"?>
<!-- Generated by org.testng.reporters.JUnitReportReporter -->
<testsuite skipped="0" hostname="DESKTOP-SNDT4RA" name="testscripts.TestNGSampleTwo" tests="1" failures="0" timestamp="2021-08-14T15:14:58 IST" time="242.821" errors="0">
  <testcase name="searchAPITest" time="242.821" classname="testscripts.TestNGSampleTwo"/>
  <system-out/>
</testsuite> <!-- testscripts.TestNGSampleTwo -->
