<?xml version="1.0" encoding="UTF-8"?>
<!-- Generated by org.testng.reporters.JUnitReportReporter -->
<testsuite skipped="0" hostname="DESKTOP-SNDT4RA" name="testscripts.GroupTest" tests="4" failures="0" timestamp="2021-12-05T20:40:11 IST" time="0.060" errors="0">
  <testcase name="searchSeleneiumTest" time="0.001" classname="testscripts.GroupTest"/>
  <system-out/>
  <testcase name="searchCypressTest" time="0.003" classname="testscripts.GroupTest"/>
  <system-out/>
  <testcase name="searchJavaTest" time="0.002" classname="testscripts.GroupTest"/>
  <system-out/>
  <testcase name="searchAppiumTest" time="0.054" classname="testscripts.GroupTest"/>
  <system-out/>
</testsuite> <!-- testscripts.GroupTest -->
