<?xml version="1.0" encoding="UTF-8"?>
<!-- Generated by org.testng.reporters.JUnitReportReporter -->
<testsuite skipped="0" hostname="DESKTOP-SNDT4RA" name="dataparamscripts.ExcelDataTest" tests="1" failures="0" timestamp="2021-08-05T12:55:34 IST" time="21.939" errors="0">
  <testcase name="loginHerokuappTest" time="21.939" classname="dataparamscripts.ExcelDataTest"/>
  <system-out/>
</testsuite> <!-- dataparamscripts.ExcelDataTest -->
