<?xml version="1.0" encoding="UTF-8"?>
<!-- Generated by org.testng.reporters.JUnitReportReporter -->
<testsuite skipped="0" hostname="DESKTOP-SNDT4RA" name="parallelscripts.ClassTwoTest" tests="3" failures="0" timestamp="2021-08-02T12:36:28 IST" time="0.042" errors="0">
  <testcase name="methodOne" time="0.012" classname="parallelscripts.ClassTwoTest"/>
  <system-out/>
  <testcase name="methodTwo" time="0.003" classname="parallelscripts.ClassTwoTest"/>
  <system-out/>
  <testcase name="methodThree" time="0.027" classname="parallelscripts.ClassTwoTest"/>
  <system-out/>
</testsuite> <!-- parallelscripts.ClassTwoTest -->
