<?xml version="1.0" encoding="UTF-8"?>
<!-- Generated by org.testng.reporters.JUnitReportReporter -->
<testsuite skipped="0" hostname="DESKTOP-SNDT4RA" name="parallelscripts.MethodInvokeTest" tests="8" failures="0" timestamp="2021-08-02T12:48:18 IST" time="0.152" errors="0">
  <testcase name="test" time="0.053" classname="parallelscripts.MethodInvokeTest"/>
  <system-out/>
  <testcase name="test" time="0.025" classname="parallelscripts.MethodInvokeTest"/>
  <system-out/>
  <testcase name="test" time="0.019" classname="parallelscripts.MethodInvokeTest"/>
  <system-out/>
  <testcase name="test" time="0.025" classname="parallelscripts.MethodInvokeTest"/>
  <system-out/>
  <testcase name="test" time="0.003" classname="parallelscripts.MethodInvokeTest"/>
  <system-out/>
  <testcase name="test" time="0.005" classname="parallelscripts.MethodInvokeTest"/>
  <system-out/>
  <testcase name="test" time="0.003" classname="parallelscripts.MethodInvokeTest"/>
  <system-out/>
  <testcase name="test" time="0.019" classname="parallelscripts.MethodInvokeTest"/>
  <system-out/>
</testsuite> <!-- parallelscripts.MethodInvokeTest -->
