<?xml version="1.0" encoding="UTF-8"?>
<!-- Generated by org.testng.reporters.JUnitReportReporter -->
<testsuite skipped="0" hostname="DESKTOP-SNDT4RA" name="testscripts.NewTest" tests="2" failures="0" timestamp="2021-07-30T10:48:31 IST" time="20.402" errors="0">
  <testcase name="searchTestJava" time="10.100" classname="testscripts.NewTest"/>
  <system-out/>
  <testcase name="searchTestSelenium" time="10.302" classname="testscripts.NewTest"/>
  <system-out/>
</testsuite> <!-- testscripts.NewTest -->
