<?xml version="1.0" encoding="UTF-8"?>
<!-- Generated by org.testng.reporters.JUnitReportReporter -->
<testsuite skipped="0" hostname="DESKTOP-SNDT4RA" name="parallelscripts.ClassOneTest" tests="3" failures="0" timestamp="2021-12-11T18:13:10 IST" time="0.017" errors="0">
  <testcase name="methodOne" time="0.012" classname="parallelscripts.ClassOneTest"/>
  <system-out/>
  <testcase name="methodThree" time="0.003" classname="parallelscripts.ClassOneTest"/>
  <system-out/>
  <testcase name="methodTwo" time="0.002" classname="parallelscripts.ClassOneTest"/>
  <system-out/>
</testsuite> <!-- parallelscripts.ClassOneTest -->
