<?xml version="1.0" encoding="UTF-8"?>
<!-- Generated by org.testng.reporters.JUnitReportReporter -->
<testsuite skipped="0" hostname="DESKTOP-SNDT4RA" name="testscripts.GroupTestTwo" tests="1" failures="0" timestamp="2021-08-02T11:38:26 IST" time="0.002" errors="0">
  <testcase name="searchAppiumTest" time="0.002" classname="testscripts.GroupTestTwo"/>
  <system-out/>
</testsuite> <!-- testscripts.GroupTestTwo -->
