<?xml version="1.0" encoding="UTF-8"?>
<!-- Generated by org.testng.reporters.JUnitReportReporter -->
<testsuite skipped="0" hostname="DESKTOP-SNDT4RA" name="testscripts.HTMLUnitTest" tests="1" failures="0" timestamp="2021-08-06T10:17:17 IST" time="12.793" errors="0">
  <testcase name="f" time="12.793" classname="testscripts.HTMLUnitTest"/>
  <system-out/>
</testsuite> <!-- testscripts.HTMLUnitTest -->
