<?xml version="1.0" encoding="UTF-8"?>
<!-- Generated by org.testng.reporters.JUnitReportReporter -->
<testsuite skipped="0" hostname="DESKTOP-SNDT4RA" name="parallelscripts.MethodTest" tests="5" failures="0" timestamp="2021-08-02T12:12:11 IST" time="0.088" errors="0">
  <testcase name="searchCypressTest" time="0.027" classname="parallelscripts.MethodTest"/>
  <system-out/>
  <testcase name="searchAppiumTest" time="0.024" classname="parallelscripts.MethodTest"/>
  <system-out/>
  <testcase name="searchSeleneiumTest" time="0.006" classname="parallelscripts.MethodTest"/>
  <system-out/>
  <testcase name="searchJavaTest" time="0.003" classname="parallelscripts.MethodTest"/>
  <system-out/>
  <testcase name="searchAPITest" time="0.028" classname="parallelscripts.MethodTest"/>
  <system-out/>
</testsuite> <!-- parallelscripts.MethodTest -->
